<?xml version="1.0" encoding="UTF-8"?>
<testsuite name="is.sjosund.TicTacToeSjosund.TicTacToeTest" tests="5" skipped="0" failures="0" errors="0" timestamp="2015-11-01T18:11:50" hostname="EGILL-GAUTUR" time="0.011">
  <properties/>
  <testcase name="testMakeBoardTooSmall" classname="is.sjosund.TicTacToeSjosund.TicTacToeTest" time="0.001"/>
  <testcase name="testMoveAlreadyPlayed" classname="is.sjosund.TicTacToeSjosund.TicTacToeTest" time="0.001"/>
  <testcase name="testMakeOutOfBoardMove" classname="is.sjosund.TicTacToeSjosund.TicTacToeTest" time="0.001"/>
  <testcase name="testMakeBoard" classname="is.sjosund.TicTacToeSjosund.TicTacToeTest" time="0.0"/>
  <testcase name="testMakeLegalMove" classname="is.sjosund.TicTacToeSjosund.TicTacToeTest" time="0.0"/>
  <system-out><![CDATA[]]></system-out>
  <system-err><![CDATA[]]></system-err>
</testsuite>
